[2020-11-23 22:30:59] [DEBUG][main.go:main:15] 这是一条Debug日志，id:10010,name:理想
[2020-11-23 22:30:59] [INFO][main.go:main:16] 这是一条info日志
[2020-11-23 22:30:59] [WARNING][main.go:main:17] 这是一条Warning日志
[2020-11-23 22:30:59] [ERROR][main.go:main:19] 这是一条Error日志
[2020-11-23 22:30:59] [FATAL][main.go:main:20] 这是一条Fatal日志
[2020-11-23 22:31:01] [DEBUG][main.go:main:15] 这是一条Debug日志，id:10010,name:理想
[2020-11-23 22:31:01] [INFO][main.go:main:16] 这是一条info日志
[2020-11-23 22:31:01] [WARNING][main.go:main:17] 这是一条Warning日志
[2020-11-23 22:31:01] [ERROR][main.go:main:19] 这是一条Error日志
[2020-11-23 22:31:01] [FATAL][main.go:main:20] 这是一条Fatal日志
[2020-11-23 22:31:03] [DEBUG][main.go:main:15] 这是一条Debug日志，id:10010,name:理想
[2020-11-23 22:31:03] [INFO][main.go:main:16] 这是一条info日志
[2020-11-23 22:31:03] [WARNING][main.go:main:17] 这是一条Warning日志
[2020-11-23 22:31:03] [ERROR][main.go:main:19] 这是一条Error日志
[2020-11-23 22:31:03] [FATAL][main.go:main:20] 这是一条Fatal日志
[2020-11-23 22:31:05] [DEBUG][main.go:main:15] 这是一条Debug日志，id:10010,name:理想
[2020-11-23 22:31:05] [INFO][main.go:main:16] 这是一条info日志
[2020-11-23 22:31:05] [WARNING][main.go:main:17] 这是一条Warning日志
[2020-11-23 22:31:05] [ERROR][main.go:main:19] 这是一条Error日志
[2020-11-23 22:31:05] [FATAL][main.go:main:20] 这是一条Fatal日志
[2020-11-23 22:31:07] [DEBUG][main.go:main:15] 这是一条Debug日志，id:10010,name:理想
[2020-11-23 22:31:07] [INFO][main.go:main:16] 这是一条info日志
[2020-11-23 22:31:07] [WARNING][main.go:main:17] 这是一条Warning日志
[2020-11-23 22:31:07] [ERROR][main.go:main:19] 这是一条Error日志
[2020-11-23 22:31:07] [FATAL][main.go:main:20] 这是一条Fatal日志
[2020-11-23 22:31:09] [DEBUG][main.go:main:15] 这是一条Debug日志，id:10010,name:理想
[2020-11-23 22:31:09] [INFO][main.go:main:16] 这是一条info日志
[2020-11-23 22:31:09] [WARNING][main.go:main:17] 这是一条Warning日志
[2020-11-23 22:31:09] [ERROR][main.go:main:19] 这是一条Error日志
[2020-11-23 22:31:09] [FATAL][main.go:main:20] 这是一条Fatal日志
[2020-11-23 22:31:11] [DEBUG][main.go:main:15] 这是一条Debug日志，id:10010,name:理想
[2020-11-23 22:31:11] [INFO][main.go:main:16] 这是一条info日志
[2020-11-23 22:31:11] [WARNING][main.go:main:17] 这是一条Warning日志
[2020-11-23 22:31:11] [ERROR][main.go:main:19] 这是一条Error日志
[2020-11-23 22:31:11] [FATAL][main.go:main:20] 这是一条Fatal日志
[2020-11-23 22:31:13] [DEBUG][main.go:main:15] 这是一条Debug日志，id:10010,name:理想
[2020-11-23 22:31:13] [INFO][main.go:main:16] 这是一条info日志
[2020-11-23 22:31:13] [WARNING][main.go:main:17] 这是一条Warning日志
[2020-11-23 22:31:13] [ERROR][main.go:main:19] 这是一条Error日志
[2020-11-23 22:31:13] [FATAL][main.go:main:20] 这是一条Fatal日志
[2020-11-23 22:31:15] [DEBUG][main.go:main:15] 这是一条Debug日志，id:10010,name:理想
[2020-11-23 22:31:15] [INFO][main.go:main:16] 这是一条info日志
[2020-11-23 22:31:15] [WARNING][main.go:main:17] 这是一条Warning日志
[2020-11-23 22:31:15] [ERROR][main.go:main:19] 这是一条Error日志
[2020-11-23 22:31:15] [FATAL][main.go:main:20] 这是一条Fatal日志
[2020-11-23 22:31:17] [DEBUG][main.go:main:15] 这是一条Debug日志，id:10010,name:理想
[2020-11-23 22:31:17] [INFO][main.go:main:16] 这是一条info日志
[2020-11-23 22:31:17] [WARNING][main.go:main:17] 这是一条Warning日志
[2020-11-23 22:31:17] [ERROR][main.go:main:19] 这是一条Error日志
[2020-11-23 22:31:17] [FATAL][main.go:main:20] 这是一条Fatal日志
[2020-11-23 22:31:19] [DEBUG][main.go:main:15] 这是一条Debug日志，id:10010,name:理想
[2020-11-23 22:31:19] [INFO][main.go:main:16] 这是一条info日志
[2020-11-23 22:31:19] [WARNING][main.go:main:17] 这是一条Warning日志
[2020-11-23 22:31:19] [ERROR][main.go:main:19] 这是一条Error日志
[2020-11-23 22:31:19] [FATAL][main.go:main:20] 这是一条Fatal日志
[2020-11-23 22:31:21] [DEBUG][main.go:main:15] 这是一条Debug日志，id:10010,name:理想
[2020-11-23 22:31:21] [INFO][main.go:main:16] 这是一条info日志
[2020-11-23 22:31:21] [WARNING][main.go:main:17] 这是一条Warning日志
[2020-11-23 22:31:21] [ERROR][main.go:main:19] 这是一条Error日志
[2020-11-23 22:31:21] [FATAL][main.go:main:20] 这是一条Fatal日志
[2020-11-23 22:31:23] [DEBUG][main.go:main:15] 这是一条Debug日志，id:10010,name:理想
[2020-11-23 22:31:23] [INFO][main.go:main:16] 这是一条info日志
[2020-11-23 22:31:23] [WARNING][main.go:main:17] 这是一条Warning日志
[2020-11-23 22:31:23] [ERROR][main.go:main:19] 这是一条Error日志
[2020-11-23 22:31:23] [FATAL][main.go:main:20] 这是一条Fatal日志
[2020-11-23 22:31:25] [DEBUG][main.go:main:15] 这是一条Debug日志，id:10010,name:理想
[2020-11-23 22:31:25] [INFO][main.go:main:16] 这是一条info日志
[2020-11-23 22:31:25] [WARNING][main.go:main:17] 这是一条Warning日志
[2020-11-23 22:31:25] [ERROR][main.go:main:19] 这是一条Error日志
[2020-11-23 22:31:25] [FATAL][main.go:main:20] 这是一条Fatal日志
[2020-11-23 22:31:27] [DEBUG][main.go:main:15] 这是一条Debug日志，id:10010,name:理想
[2020-11-23 22:31:27] [INFO][main.go:main:16] 这是一条info日志
[2020-11-23 22:31:27] [WARNING][main.go:main:17] 这是一条Warning日志
[2020-11-23 22:31:27] [ERROR][main.go:main:19] 这是一条Error日志
[2020-11-23 22:31:27] [FATAL][main.go:main:20] 这是一条Fatal日志
[2020-11-23 22:31:29] [DEBUG][main.go:main:15] 这是一条Debug日志，id:10010,name:理想
[2020-11-23 22:31:29] [INFO][main.go:main:16] 这是一条info日志
[2020-11-23 22:31:29] [WARNING][main.go:main:17] 这是一条Warning日志
[2020-11-23 22:31:29] [ERROR][main.go:main:19] 这是一条Error日志
[2020-11-23 22:31:29] [FATAL][main.go:main:20] 这是一条Fatal日志
[2020-11-23 22:31:31] [DEBUG][main.go:main:15] 这是一条Debug日志，id:10010,name:理想
[2020-11-23 22:31:31] [INFO][main.go:main:16] 这是一条info日志
[2020-11-23 22:31:31] [WARNING][main.go:main:17] 这是一条Warning日志
[2020-11-23 22:31:31] [ERROR][main.go:main:19] 这是一条Error日志
[2020-11-23 22:31:31] [FATAL][main.go:main:20] 这是一条Fatal日志
[2020-11-23 22:31:33] [DEBUG][main.go:main:15] 这是一条Debug日志，id:10010,name:理想
[2020-11-23 22:31:33] [INFO][main.go:main:16] 这是一条info日志
[2020-11-23 22:31:33] [WARNING][main.go:main:17] 这是一条Warning日志
[2020-11-23 22:31:33] [ERROR][main.go:main:19] 这是一条Error日志
[2020-11-23 22:31:33] [FATAL][main.go:main:20] 这是一条Fatal日志
[2020-11-23 22:31:35] [DEBUG][main.go:main:15] 这是一条Debug日志，id:10010,name:理想
[2020-11-23 22:31:35] [INFO][main.go:main:16] 这是一条info日志
[2020-11-23 22:31:35] [WARNING][main.go:main:17] 这是一条Warning日志
[2020-11-23 22:31:35] [ERROR][main.go:main:19] 这是一条Error日志
[2020-11-23 22:31:35] [FATAL][main.go:main:20] 这是一条Fatal日志
[2020-11-23 22:31:37] [DEBUG][main.go:main:15] 这是一条Debug日志，id:10010,name:理想
[2020-11-23 22:31:37] [INFO][main.go:main:16] 这是一条info日志
[2020-11-23 22:31:37] [WARNING][main.go:main:17] 这是一条Warning日志
[2020-11-23 22:31:37] [ERROR][main.go:main:19] 这是一条Error日志
[2020-11-23 22:31:37] [FATAL][main.go:main:20] 这是一条Fatal日志
[2020-11-23 22:31:39] [DEBUG][main.go:main:15] 这是一条Debug日志，id:10010,name:理想
[2020-11-23 22:31:39] [INFO][main.go:main:16] 这是一条info日志
[2020-11-23 22:31:39] [WARNING][main.go:main:17] 这是一条Warning日志
[2020-11-23 22:31:39] [ERROR][main.go:main:19] 这是一条Error日志
[2020-11-23 22:31:39] [FATAL][main.go:main:20] 这是一条Fatal日志
[2020-11-23 22:31:41] [DEBUG][main.go:main:15] 这是一条Debug日志，id:10010,name:理想
[2020-11-23 22:31:41] [INFO][main.go:main:16] 这是一条info日志
[2020-11-23 22:31:41] [WARNING][main.go:main:17] 这是一条Warning日志
[2020-11-23 22:31:41] [ERROR][main.go:main:19] 这是一条Error日志
[2020-11-23 22:31:41] [FATAL][main.go:main:20] 这是一条Fatal日志
[2020-11-23 22:31:43] [DEBUG][main.go:main:15] 这是一条Debug日志，id:10010,name:理想
[2020-11-23 22:31:43] [INFO][main.go:main:16] 这是一条info日志
[2020-11-23 22:31:43] [WARNING][main.go:main:17] 这是一条Warning日志
[2020-11-23 22:31:43] [ERROR][main.go:main:19] 这是一条Error日志
[2020-11-23 22:31:43] [FATAL][main.go:main:20] 这是一条Fatal日志
